[    0.000000] Linux version 4.15.0-158-generic (buildd@lgw01-amd64-051) (gcc version 7.5.0 (Ubuntu 7.5.0-3ubuntu1~18.04)) #166-Ubuntu SMP Fri Sep 17 19:37:52 UTC 2021 (Ubuntu 4.15.0-158.166-generic 4.15.18)
[    0.000000] Command line: BOOT_IMAGE=/boot/vmlinuz-4.15.0-158-generic root=LABEL=cloudimg-rootfs ro console=tty1 console=ttyS0
[    0.000000] KERNEL supported cpus:
[    0.000000]   Intel GenuineIntel
[    0.000000]   AMD AuthenticAMD
[    0.000000]   Centaur CentaurHauls
[    0.000000] x86/fpu: Supporting XSAVE feature 0x001: 'x87 floating point registers'
[    0.000000] x86/fpu: Supporting XSAVE feature 0x002: 'SSE registers'
[    0.000000] x86/fpu: Supporting XSAVE feature 0x004: 'AVX registers'
[    0.000000] x86/fpu: xstate_offset[2]:  576, xstate_sizes[2]:  256
[    0.000000] x86/fpu: Enabled xstate features 0x7, context size is 832 bytes, using 'standard' format.
[    0.000000] e820: BIOS-provided physical RAM map:
[    0.000000] BIOS-e820: [mem 0x0000000000000000-0x000000000009fbff] usable
[    0.000000] BIOS-e820: [mem 0x000000000009fc00-0x000000000009ffff] reserved
[    0.000000] BIOS-e820: [mem 0x00000000000f0000-0x00000000000fffff] reserved
[    0.000000] BIOS-e820: [mem 0x0000000000100000-0x000000003ffeffff] usable
[    0.000000] BIOS-e820: [mem 0x000000003fff0000-0x000000003fffffff] ACPI data
[    0.000000] BIOS-e820: [mem 0x00000000fec00000-0x00000000fec00fff] reserved
[    0.000000] BIOS-e820: [mem 0x00000000fee00000-0x00000000fee00fff] reserved
[    0.000000] BIOS-e820: [mem 0x00000000fffc0000-0x00000000ffffffff] reserved
[    0.000000] NX (Execute Disable) protection: active
[    0.000000] SMBIOS 2.5 present.
[    0.000000] DMI: innotek GmbH VirtualBox/VirtualBox, BIOS VirtualBox 12/01/2006
[    0.000000] Hypervisor detected: KVM
[    0.000000] e820: last_pfn = 0x3fff0 max_arch_pfn = 0x400000000
[    0.000000] MTRR: Disabled
[    0.000000] x86/PAT: MTRRs disabled, skipping PAT initialization too.
[    0.000000] CPU MTRRs all blank - virtualized system.
[    0.000000] x86/PAT: Configuration [0-7]: WB  WT  UC- UC  WB  WT  UC- UC  
[    0.000000] found SMP MP-table at [mem 0x0009fff0-0x0009ffff]
[    0.000000] Scanning 1 areas for low memory corruption
[    0.000000] RAMDISK: [mem 0x359cf000-0x36cdefff]
[    0.000000] ACPI: Early table checksum verification disabled
[    0.000000] ACPI: RSDP 0x00000000000E0000 000024 (v02 VBOX  )
[    0.000000] ACPI: XSDT 0x000000003FFF0030 00003C (v01 VBOX   VBOXXSDT 00000001 ASL  00000061)
[    0.000000] ACPI: FACP 0x000000003FFF00F0 0000F4 (v04 VBOX   VBOXFACP 00000001 ASL  00000061)
[    0.000000] ACPI: DSDT 0x000000003FFF0470 002325 (v02 VBOX   VBOXBIOS 00000002 INTL 20200925)
[    0.000000] ACPI: FACS 0x000000003FFF0200 000040
[    0.000000] ACPI: FACS 0x000000003FFF0200 000040
[    0.000000] ACPI: APIC 0x000000003FFF0240 00005C (v02 VBOX   VBOXAPIC 00000001 ASL  00000061)
[    0.000000] ACPI: SSDT 0x000000003FFF02A0 0001CC (v01 VBOX   VBOXCPUT 00000002 INTL 20200925)
[    0.000000] ACPI: Reserving FACP table memory at [mem 0x3fff00f0-0x3fff01e3]
[    0.000000] ACPI: Reserving DSDT table memory at [mem 0x3fff0470-0x3fff2794]
[    0.000000] ACPI: Reserving FACS table memory at [mem 0x3fff0200-0x3fff023f]
[    0.000000] ACPI: Reserving FACS table memory at [mem 0x3fff0200-0x3fff023f]
[    0.000000] ACPI: Reserving APIC table memory at [mem 0x3fff0240-0x3fff029b]
[    0.000000] ACPI: Reserving SSDT table memory at [mem 0x3fff02a0-0x3fff046b]
[    0.000000] No NUMA configuration found
[    0.000000] Faking a node at [mem 0x0000000000000000-0x000000003ffeffff]
[    0.000000] NODE_DATA(0) allocated [mem 0x3ffc5000-0x3ffeffff]
[    0.000000] kvm-clock: cpu 0, msr 0:3ff44001, primary cpu clock
[    0.000000] kvm-clock: Using msrs 4b564d01 and 4b564d00
[    0.000000] kvm-clock: using sched offset of 3392413943 cycles
[    0.000000] clocksource: kvm-clock: mask: 0xffffffffffffffff max_cycles: 0x1cd42e4dffb, max_idle_ns: 881590591483 ns
[    0.000000] Zone ranges:
[    0.000000]   DMA      [mem 0x0000000000001000-0x0000000000ffffff]
[    0.000000]   DMA32    [mem 0x0000000001000000-0x000000003ffeffff]
[    0.000000]   Normal   empty
[    0.000000]   Device   empty
[    0.000000] Movable zone start for each node
[    0.000000] Early memory node ranges
[    0.000000]   node   0: [mem 0x0000000000001000-0x000000000009efff]
[    0.000000]   node   0: [mem 0x0000000000100000-0x000000003ffeffff]
[    0.000000] Reserved but unavailable: 104 pages
[    0.000000] Initmem setup node 0 [mem 0x0000000000001000-0x000000003ffeffff]
[    0.000000] ACPI: PM-Timer IO Port: 0x4008
[    0.000000] IOAPIC[0]: apic_id 2, version 32, address 0xfec00000, GSI 0-23
[    0.000000] ACPI: INT_SRC_OVR (bus 0 bus_irq 0 global_irq 2 dfl dfl)
[    0.000000] ACPI: INT_SRC_OVR (bus 0 bus_irq 9 global_irq 9 low level)
[    0.000000] Using ACPI (MADT) for SMP configuration information
[    0.000000] smpboot: Allowing 2 CPUs, 0 hotplug CPUs
[    0.000000] PM: Registered nosave memory: [mem 0x00000000-0x00000fff]
[    0.000000] PM: Registered nosave memory: [mem 0x0009f000-0x0009ffff]
[    0.000000] PM: Registered nosave memory: [mem 0x000a0000-0x000effff]
[    0.000000] PM: Registered nosave memory: [mem 0x000f0000-0x000fffff]
[    0.000000] e820: [mem 0x40000000-0xfebfffff] available for PCI devices
[    0.000000] Booting paravirtualized kernel on KVM
[    0.000000] clocksource: refined-jiffies: mask: 0xffffffff max_cycles: 0xffffffff, max_idle_ns: 7645519600211568 ns
[    0.000000] random: get_random_bytes called from start_kernel+0x99/0x500 with crng_init=0
[    0.000000] setup_percpu: NR_CPUS:8192 nr_cpumask_bits:2 nr_cpu_ids:2 nr_node_ids:1
[    0.000000] percpu: Embedded 45 pages/cpu s147456 r8192 d28672 u1048576
[    0.000000] PV qspinlock hash table entries: 256 (order: 0, 4096 bytes)
[    0.000000] Built 1 zonelists, mobility grouping on.  Total pages: 257913
[    0.000000] Policy zone: DMA32
[    0.000000] Kernel command line: BOOT_IMAGE=/boot/vmlinuz-4.15.0-158-generic root=LABEL=cloudimg-rootfs ro console=tty1 console=ttyS0
[    0.000000] Memory: 982716K/1048120K available (12300K kernel code, 2483K rwdata, 4320K rodata, 2448K init, 2724K bss, 65404K reserved, 0K cma-reserved)
[    0.000000] SLUB: HWalign=64, Order=0-3, MinObjects=0, CPUs=2, Nodes=1
[    0.000000] Kernel/User page tables isolation: enabled
[    0.000000] ftrace: allocating 39466 entries in 155 pages
[    0.004000] Hierarchical RCU implementation.
[    0.004000] 	RCU restricting CPUs from NR_CPUS=8192 to nr_cpu_ids=2.
[    0.004000] 	Tasks RCU enabled.
[    0.004000] RCU: Adjusting geometry for rcu_fanout_leaf=16, nr_cpu_ids=2
[    0.004000] NR_IRQS: 524544, nr_irqs: 440, preallocated irqs: 16
[    0.004000] Console: colour VGA+ 80x25
[    0.004000] console [tty1] enabled
[    0.004000] console [ttyS0] enabled
[    0.004000] ACPI: Core revision 20170831
[    0.004000] ACPI: 2 ACPI AML tables successfully acquired and loaded
[    0.004000] APIC: Switch to symmetric I/O mode setup
[    0.004000] x2apic enabled
[    0.004000] Switched APIC routing to physical x2apic.
[    0.004000] ..TIMER: vector=0x30 apic1=0 pin1=2 apic2=-1 pin2=-1
[    0.004004] tsc: Detected 2495.994 MHz processor
[    0.004705] Calibrating delay loop (skipped) preset value.. 4991.98 BogoMIPS (lpj=9983976)
[    0.005250] pid_max: default: 32768 minimum: 301
[    0.006009] Security Framework initialized
[    0.006661] Yama: becoming mindful.
[    0.008026] AppArmor: AppArmor initialized
[    0.009673] Dentry cache hash table entries: 131072 (order: 8, 1048576 bytes)
[    0.011232] Inode-cache hash table entries: 65536 (order: 7, 524288 bytes)
[    0.012018] Mount-cache hash table entries: 2048 (order: 2, 16384 bytes)
[    0.013260] Mountpoint-cache hash table entries: 2048 (order: 2, 16384 bytes)
[    0.015047] Last level iTLB entries: 4KB 64, 2MB 8, 4MB 8
[    0.016006] Last level dTLB entries: 4KB 64, 2MB 0, 4MB 0, 1GB 4
[    0.017141] Spectre V1 : Mitigation: usercopy/swapgs barriers and __user pointer sanitization
[    0.020000] Spectre V2 : Mitigation: Full generic retpoline
[    0.020003] Spectre V2 : Spectre v2 / SpectreRSB mitigation: Filling RSB on context switch
[    0.024002] Speculative Store Bypass: Vulnerable
[    0.024943] SRBDS: Unknown: Dependent on hypervisor status
[    0.026014] MDS: Mitigation: Clear CPU buffers
[    0.026906] Freeing SMP alternatives memory: 36K
[    0.138691] smpboot: CPU0: Intel(R) Core(TM) i5-6300U CPU @ 2.40GHz (family: 0x6, model: 0x4e, stepping: 0x3)
[    0.140000] Performance Events: unsupported p6 CPU model 78 no PMU driver, software events only.
[    0.140000] Hierarchical SRCU implementation.
[    0.140784] NMI watchdog: Perf event create on CPU 0 failed with -2
[    0.142005] NMI watchdog: Perf NMI watchdog permanently disabled
[    0.142993] smp: Bringing up secondary CPUs ...
[    0.144097] x86: Booting SMP configuration:
[    0.146030] .... node  #0, CPUs:      #1
[    0.004000] kvm-clock: cpu 1, msr 0:3ff44041, secondary cpu clock
[    0.151685] smp: Brought up 1 node, 2 CPUs
[    0.152009] smpboot: Max logical packages: 1
[    0.152944] smpboot: Total of 2 processors activated (9983.97 BogoMIPS)
[    0.154344] devtmpfs: initialized
[    0.154344] x86/mm: Memory block size: 128MB
[    0.156153] evm: security.selinux
[    0.156830] evm: security.SMACK64
[    0.157498] evm: security.SMACK64EXEC
[    0.158229] evm: security.SMACK64TRANSMUTE
[    0.159037] evm: security.SMACK64MMAP
[    0.160005] evm: security.apparmor
[    0.160762] evm: security.ima
[    0.161439] evm: security.capability
[    0.162299] clocksource: jiffies: mask: 0xffffffff max_cycles: 0xffffffff, max_idle_ns: 7645041785100000 ns
[    0.164024] futex hash table entries: 512 (order: 3, 32768 bytes)
[    0.165313] pinctrl core: initialized pinctrl subsystem
[    0.168117] RTC time: 13:31:44, date: 09/25/21
[    0.169271] NET: Registered protocol family 16
[    0.170139] audit: initializing netlink subsys (disabled)
[    0.172010] audit: type=2000 audit(1632576709.874:1): state=initialized audit_enabled=0 res=1
[    0.173407] cpuidle: using governor ladder
[    0.173407] cpuidle: using governor menu
[    0.173407] ACPI: bus type PCI registered
[    0.173985] acpiphp: ACPI Hot Plug PCI Controller Driver version: 0.5
[    0.176104] PCI: Using configuration type 1 for base access
[    0.177025] HugeTLB registered 2.00 MiB page size, pre-allocated 0 pages
[    0.180075] ACPI: Added _OSI(Module Device)
[    0.180960] ACPI: Added _OSI(Processor Device)
[    0.181828] ACPI: Added _OSI(3.0 _SCP Extensions)
[    0.182733] ACPI: Added _OSI(Processor Aggregator Device)
[    0.184007] ACPI: Added _OSI(Linux-Dell-Video)
[    0.184896] ACPI: Added _OSI(Linux-Lenovo-NV-HDMI-Audio)
[    0.185894] ACPI: Added _OSI(Linux-HPI-Hybrid-Graphics)
[    0.187319] ACPI: Executed 1 blocks of module-level executable AML code
[    0.191152] ACPI: Interpreter enabled
[    0.192017] ACPI: (supports S0 S5)
[    0.193730] ACPI: Using IOAPIC for interrupt routing
[    0.195980] PCI: Using host bridge windows from ACPI; if necessary, use "pci=nocrs" and report a bug
[    0.196180] ACPI: Enabled 2 GPEs in block 00 to 07
[    0.205221] ACPI: PCI Root Bridge [PCI0] (domain 0000 [bus 00-ff])
[    0.206306] acpi PNP0A03:00: _OSC: OS supports [ASPM ClockPM Segments MSI]
[    0.207867] acpi PNP0A03:00: _OSC: not requesting OS control; OS requires [ExtendedConfig ASPM ClockPM MSI]
[    0.208021] acpi PNP0A03:00: fail to add MMCONFIG information, can't access extended PCI configuration space under this bridge.
[    0.210287] PCI host bridge to bus 0000:00
[    0.212008] pci_bus 0000:00: root bus resource [io  0x0000-0x0cf7 window]
[    0.213037] pci_bus 0000:00: root bus resource [io  0x0d00-0xffff window]
[    0.214029] pci_bus 0000:00: root bus resource [mem 0x000a0000-0x000bffff window]
[    0.216006] pci_bus 0000:00: root bus resource [mem 0x40000000-0xfdffffff window]
[    0.217436] pci_bus 0000:00: root bus resource [bus 00-ff]
[    0.220359] pci 0000:00:01.1: legacy IDE quirk: reg 0x10: [io  0x01f0-0x01f7]
[    0.221722] pci 0000:00:01.1: legacy IDE quirk: reg 0x14: [io  0x03f6]
[    0.222931] pci 0000:00:01.1: legacy IDE quirk: reg 0x18: [io  0x0170-0x0177]
[    0.224007] pci 0000:00:01.1: legacy IDE quirk: reg 0x1c: [io  0x0376]
[    0.246203] pci 0000:00:07.0: quirk: [io  0x4000-0x403f] claimed by PIIX4 ACPI
[    0.247878] pci 0000:00:07.0: quirk: [io  0x4100-0x410f] claimed by PIIX4 SMB
[    0.262442] ACPI: PCI Interrupt Link [LNKA] (IRQs 5 9 10 *11)
[    0.264204] ACPI: PCI Interrupt Link [LNKB] (IRQs 5 9 *10 11)
[    0.265561] ACPI: PCI Interrupt Link [LNKC] (IRQs 5 *9 10 11)
[    0.266882] ACPI: PCI Interrupt Link [LNKD] (IRQs 5 9 10 *11)
[    0.268528] SCSI subsystem initialized
[    0.269422] pci 0000:00:02.0: vgaarb: setting as boot VGA device
[    0.269422] pci 0000:00:02.0: vgaarb: VGA device added: decodes=io+mem,owns=io+mem,locks=none
[    0.272022] pci 0000:00:02.0: vgaarb: bridge control possible
[    0.273201] vgaarb: loaded
[    0.273885] ACPI: bus type USB registered
[    0.276040] usbcore: registered new interface driver usbfs
[    0.277185] usbcore: registered new interface driver hub
[    0.278262] usbcore: registered new device driver usb
[    0.279393] EDAC MC: Ver: 3.0.0
[    0.280310] PCI: Using ACPI for IRQ routing
[    0.281317] NetLabel: Initializing
[    0.282090] NetLabel:  domain hash size = 128
[    0.283016] NetLabel:  protocols = UNLABELED CIPSOv4 CALIPSO
[    0.284034] NetLabel:  unlabeled traffic allowed by default
[    0.285215] clocksource: Switched to clocksource kvm-clock
[    0.297304] VFS: Disk quotas dquot_6.6.0
[    0.298316] VFS: Dquot-cache hash table entries: 512 (order 0, 4096 bytes)
[    0.299825] AppArmor: AppArmor Filesystem Enabled
[    0.300886] pnp: PnP ACPI init
[    0.302648] pnp: PnP ACPI: found 3 devices
[    0.311013] clocksource: acpi_pm: mask: 0xffffff max_cycles: 0xffffff, max_idle_ns: 2085701024 ns
[    0.313055] NET: Registered protocol family 2
[    0.314062] IP idents hash table entries: 16384 (order: 5, 131072 bytes)
[    0.316634] TCP established hash table entries: 8192 (order: 4, 65536 bytes)
[    0.318081] TCP bind hash table entries: 8192 (order: 5, 131072 bytes)
[    0.319328] TCP: Hash tables configured (established 8192 bind 8192)
[    0.320591] UDP hash table entries: 512 (order: 2, 16384 bytes)
[    0.321709] UDP-Lite hash table entries: 512 (order: 2, 16384 bytes)
[    0.322951] NET: Registered protocol family 1
[    0.323815] pci 0000:00:00.0: Limiting direct PCI/PCI transfers
[    0.324998] pci 0000:00:01.0: Activating ISA DMA hang workarounds
[    0.326264] pci 0000:00:02.0: Video device with shadowed ROM at [mem 0x000c0000-0x000dffff]
[    0.328185] Unpacking initramfs...
[    0.624102] Freeing initrd memory: 19520K
[    0.625224] clocksource: tsc: mask: 0xffffffffffffffff max_cycles: 0x23fa717cb36, max_idle_ns: 440795237972 ns
[    0.626873] platform rtc_cmos: registered platform RTC device (no PNP device found)
[    0.628282] Scanning for low memory corruption every 60 seconds
[    0.630120] Initialise system trusted keyrings
[    0.631023] Key type blacklist registered
[    0.631991] workingset: timestamp_bits=36 max_order=18 bucket_order=0
[    0.634249] zbud: loaded
[    0.635354] squashfs: version 4.0 (2009/01/31) Phillip Lougher
[    0.636728] fuse init (API version 7.26)
[    0.639320] Key type asymmetric registered
[    0.640227] Asymmetric key parser 'x509' registered
[    0.641204] Block layer SCSI generic (bsg) driver version 0.4 loaded (major 246)
[    0.642693] io scheduler noop registered
[    0.643335] io scheduler deadline registered
[    0.644078] io scheduler cfq registered (default)
[    0.645137] ACPI: AC Adapter [AC] (off-line)
[    0.645886] input: Power Button as /devices/LNXSYSTM:00/LNXPWRBN:00/input/input0
[    0.647093] ACPI: Power Button [PWRF]
[    0.647777] input: Sleep Button as /devices/LNXSYSTM:00/LNXSLPBN:00/input/input1
[    0.648986] ACPI: Sleep Button [SLPF]
[    0.650597] ACPI: Battery Slot [BAT0] (battery present)
[    0.651636] Serial: 8250/16550 driver, 32 ports, IRQ sharing enabled
[    0.674023] 00:02: ttyS0 at I/O 0x3f8 (irq = 4, base_baud = 115200) is a 16550A
[    0.678590] Linux agpgart interface v0.103
[    0.681149] loop: module loaded
[    0.682259] scsi host0: ata_piix
[    0.682958] scsi host1: ata_piix
[    0.683543] ata1: PATA max UDMA/33 cmd 0x1f0 ctl 0x3f6 bmdma 0xd000 irq 14
[    0.684715] ata2: PATA max UDMA/33 cmd 0x170 ctl 0x376 bmdma 0xd008 irq 15
[    0.685879] libphy: Fixed MDIO Bus: probed
[    0.686563] tun: Universal TUN/TAP device driver, 1.6
[    0.687422] PPP generic driver version 2.4.2
[    0.688316] ehci_hcd: USB 2.0 'Enhanced' Host Controller (EHCI) Driver
[    0.689315] ehci-pci: EHCI PCI platform driver
[    0.690025] ehci-platform: EHCI generic platform driver
[    0.690811] ohci_hcd: USB 1.1 'Open' Host Controller (OHCI) Driver
[    0.691743] ohci-pci: OHCI PCI platform driver
[    0.692541] ohci-platform: OHCI generic platform driver
[    0.693385] uhci_hcd: USB Universal Host Controller Interface driver
[    0.694393] i8042: PNP: PS/2 Controller [PNP0303:PS2K,PNP0f03:PS2M] at 0x60,0x64 irq 1,12
[    0.696099] serio: i8042 KBD port at 0x60,0x64 irq 1
[    0.696920] serio: i8042 AUX port at 0x60,0x64 irq 12
[    0.697932] mousedev: PS/2 mouse device common for all mice
[    0.699274] input: AT Translated Set 2 keyboard as /devices/platform/i8042/serio0/input/input2
[    0.700316] rtc_cmos rtc_cmos: rtc core: registered rtc_cmos as rtc0
[    0.702204] rtc_cmos rtc_cmos: alarms up to one day, 114 bytes nvram
[    0.703243] i2c /dev entries driver
[    0.704043] device-mapper: uevent: version 1.0.3
[    0.705116] device-mapper: ioctl: 4.37.0-ioctl (2017-09-20) initialised: dm-devel@redhat.com
[    0.706832] ledtrig-cpu: registered to indicate activity on CPUs
[    0.708319] NET: Registered protocol family 10
[    0.713236] Segment Routing with IPv6
[    0.714130] NET: Registered protocol family 17
[    0.715154] Key type dns_resolver registered
[    0.716294] mce: Using 0 MCE banks
[    0.717070] RAS: Correctable Errors collector initialized.
[    0.718223] sched_clock: Marking stable (716194135, 0)->(871262988, -155068853)
[    0.720091] registered taskstats version 1
[    0.721086] Loading compiled-in X.509 certificates
[    0.724577] Loaded X.509 cert 'Build time autogenerated kernel key: 9c39388069eaf19f5b3d1506669eb0150e975bc3'
[    0.727425] Loaded X.509 cert 'Canonical Ltd. Live Patch Signing: 14df34d1a87cf37625abec039ef2bf521249b969'
[    0.730176] Loaded X.509 cert 'Canonical Ltd. Kernel Module Signing: 88f752e560a1e0737e31163a466ad7b70a850c19'
[    0.732222] zswap: loaded using pool lzo/zbud
[    0.736649] Key type big_key registered
[    0.737528] Key type trusted registered
[    0.740153] Key type encrypted registered
[    0.741065] AppArmor: AppArmor sha1 policy hashing enabled
[    0.742225] ima: No TPM chip found, activating TPM-bypass! (rc=-19)
[    0.743497] ima: Allocated hash algorithm: sha1
[    0.744515] evm: HMAC attrs: 0x1
[    0.745570]   Magic number: 5:753:534
[    0.746440] tty ttyS14: hash matches
[    0.747345] rtc_cmos rtc_cmos: setting system clock to 2021-09-25 13:31:45 UTC (1632576705)
[    0.749340] BIOS EDD facility v0.16 2004-Jun-25, 0 devices found
[    0.750586] EDD information not available.
[    0.877333] Freeing unused kernel image memory: 2448K
[    0.888092] Write protecting the kernel read-only data: 20480k
[    0.890112] Freeing unused kernel image memory: 2008K
[    0.891794] Freeing unused kernel image memory: 1824K
[    0.902995] x86/mm: Checked W+X mappings: passed, no W+X pages found.
[    0.904568] x86/mm: Checking user space page tables
[    0.915890] x86/mm: Checked W+X mappings: passed, no W+X pages found.
Loading, please wait...
starting version 237
[    0.978871] e1000: Intel(R) PRO/1000 Network Driver - version 7.3.21-k8-NAPI
[    0.980295] e1000: Copyright (c) 1999-2006 Intel Corporation.
[    0.989257] Fusion MPT base driver 3.04.20
[    0.991329] Copyright (c) 1999-2008 LSI Corporation
[    0.999342] Fusion MPT SPI Host driver 3.04.20
[    1.013882] AVX2 version of gcm_enc/dec engaged.
[    1.015147] AES CTR mode by8 optimization enabled
[    1.198884] input: ImExPS/2 Generic Explorer Mouse as /devices/platform/i8042/serio1/input/input4
[    1.355876] e1000 0000:00:03.0 eth0: (PCI:33MHz:32-bit) 02:76:f9:31:a6:25
[    1.357497] e1000 0000:00:03.0 eth0: Intel(R) PRO/1000 Network Connection
[    1.359974] mptbase: ioc0: Initiating bringup
[    1.457016] ioc0: LSI53C1030 A0: Capabilities={Initiator}
[    1.717648] scsi host2: ioc0: LSI53C1030 A0, FwRev=00000000h, Ports=1, MaxQ=256, IRQ=20
[    1.893386] scsi 2:0:0:0: Direct-Access     VBOX     HARDDISK         1.0  PQ: 0 ANSI: 5
[    1.936540] scsi target2:0:0: Beginning Domain Validation
[    2.002574] scsi target2:0:0: Domain Validation skipping write tests
[    2.003976] scsi target2:0:0: Ending Domain Validation
[    2.009669] scsi target2:0:0: asynchronous
[    2.012409] scsi 2:0:1:0: Direct-Access     VBOX     HARDDISK         1.0  PQ: 0 ANSI: 5
[    2.284481] scsi target2:0:1: Beginning Domain Validation
[    2.287032] random: fast init done
[    2.288470] scsi target2:0:1: Domain Validation skipping write tests
[    2.290426] scsi target2:0:1: Ending Domain Validation
[    2.292189] scsi target2:0:1: asynchronous
[    2.296786] random: systemd-udevd: uninitialized urandom read (16 bytes read)
[    2.298682] random: systemd-udevd: uninitialized urandom read (16 bytes read)
[    2.299484] e1000 0000:00:08.0 eth1: (PCI:33MHz:32-bit) 08:00:27:8f:1e:bd
[    2.300444] random: systemd-udevd: uninitialized urandom read (16 bytes read)
[    2.302240] e1000 0000:00:08.0 eth1: Intel(R) PRO/1000 Network Connection
[    2.306818] sd 2:0:0:0: Attached scsi generic sg0 type 0
[    2.308567] sd 2:0:0:0: [sda] 83886080 512-byte logical blocks: (42.9 GB/40.0 GiB)
[    2.310212] e1000 0000:00:03.0 enp0s3: renamed from eth0
[    2.311880] sd 2:0:0:0: [sda] Write Protect is off
[    2.311883] sd 2:0:1:0: Attached scsi generic sg1 type 0
[    2.314342] sd 2:0:0:0: [sda] Incomplete mode parameter data
[    2.315586] sd 2:0:0:0: [sda] Assuming drive cache: write through
[    2.316170] sd 2:0:1:0: [sdb] 20480 512-byte logical blocks: (10.5 MB/10.0 MiB)
[    2.318438] sd 2:0:1:0: [sdb] Write Protect is off
[    2.319599] sd 2:0:1:0: [sdb] Incomplete mode parameter data
[    2.320858] sd 2:0:1:0: [sdb] Assuming drive cache: write through
[    2.323755]  sda: sda1
[    2.325062] sd 2:0:0:0: [sda] Attached SCSI disk
[    2.325136] sd 2:0:1:0: [sdb] Attached SCSI disk
[    2.333997] e1000 0000:00:08.0 enp0s8: renamed from eth1
Begin: Loading essential drivers ... [    3.815856] raid6: sse2x1   gen() 10915 MB/s
[    3.864409] raid6: sse2x1   xor()  7433 MB/s
[    3.916170] raid6: sse2x2   gen() 13731 MB/s
[    3.971975] raid6: sse2x2   xor()  9764 MB/s
[    4.023902] raid6: sse2x4   gen() 15656 MB/s
[    4.083994] raid6: sse2x4   xor() 11152 MB/s
[    4.132436] raid6: avx2x1   gen() 20204 MB/s
[    4.191836] raid6: avx2x1   xor() 15817 MB/s
[    4.249218] raid6: avx2x2   gen() 21766 MB/s
[    4.304016] raid6: avx2x2   xor() 18027 MB/s
[    4.356048] raid6: avx2x4   gen() 30610 MB/s
[    4.407862] raid6: avx2x4   xor() 18784 MB/s
[    4.408699] raid6: using algorithm avx2x4 gen() 30610 MB/s
[    4.409577] raid6: .... xor() 18784 MB/s, rmw enabled
[    4.410353] raid6: using avx2x2 recovery algorithm
[    4.412549] xor: automatically using best checksumming function   avx       
[    4.414879] async_tx: api initialized (async)
done.
Begin: Running /scripts/init-premount ... done.
Begin: Mounting root file system ... Begin: Running /scripts/local-top ... done.
Begin: Running /scripts/local-premount ... [    4.464831] Btrfs loaded, crc32c=crc32c-intel
Scanning for Btrfs filesystems
done.
Warning: fsck not present, so skipping root file system
[    4.499524] EXT4-fs (sda1): mounted filesystem with ordered data mode. Opts: (null)
done.
Begin: Running /scripts/local-bottom ... done.
Begin: Running /scripts/init-bottom ... done.
[    4.720200] ip_tables: (C) 2000-2006 Netfilter Core Team
[    4.732312] systemd[1]: systemd 237 running in system mode. (+PAM +AUDIT +SELINUX +IMA +APPARMOR +SMACK +SYSVINIT +UTMP +LIBCRYPTSETUP +GCRYPT +GNUTLS +ACL +XZ +LZ4 +SECCOMP +BLKID +ELFUTILS +KMOD -IDN2 +IDN -PCRE2 default-hierarchy=hybrid)
[    4.736018] systemd[1]: Detected virtualization oracle.
[    4.736907] systemd[1]: Detected architecture x86-64.

Welcome to [1mUbuntu 18.04.6 LTS[0m!

[    4.743064] systemd[1]: Set hostname to <ubuntu>.
[    4.746521] systemd[1]: Initializing machine ID from random generator.
[    4.747808] systemd[1]: Installed transient /etc/machine-id file.
[    5.026059] systemd[1]: Reached target Swap.
[[0;32m  OK  [0m] Reached target Swap.
[    5.028244] systemd[1]: Reached target System Time Synchronized.
[[0;32m  OK  [0m] Reached target System Time Synchronized.
[    5.031949] systemd[1]: Set up automount Arbitrary Executable File Formats File System Automount Point.
[[0;32m  OK  [0m] Set up automount Arbitrary Executab…rmats File System Automount Point.
[    5.036110] systemd[1]: Reached target User and Group Name Lookups.
[[0;32m  OK  [0m] Reached target User and Group Name Lookups.
[[0;32m  OK  [0m] Created slice System Slice.
[[0;32m  OK  [0m] Listening on Journal Socket.
[[0;32m  OK  [0m] Listening on LVM2 metadata daemon socket.
[[0;32m  OK  [0m] Listening on udev Control Socket.
[[0;32m  OK  [0m] Listening on LVM2 poll daemon socket.
[[0;32m  OK  [0m] Listening on Network Service Netlink Socket.
         Starting Load Kernel Modules...
         Mounting POSIX Message Queue File System...
         Mounting Huge Pages File System...
[[0;32m  OK  [0m] Listening on Journal Audit Socket.
[[0;32m  OK  [0m] Listening on Device-mapper event daemon FIFOs.
         Starting Monitoring of LVM2 mirrors…ng dmeventd or progress polling...
[[0;32m  OK  [0m] Listening on Journal Socket (/dev/log).
[[0;32m  OK  [0m] Listening on fsck to fsckd communication Socket.
         Starting File System Check on Root Device...
         Mounting Kernel Debug File System...
[[0;32m  OK  [0m] Listening on /dev/initctl Compatibility Named Pipe.
[[0;32m  OK  [0m] Listening on Syslog Socket.
         Starting Set the console keyboard layout...
         Starting Uncomplicated firewall...
         Starting Create list of required st…ce nodes for the current kernel...
[[0;32m  OK  [0m] Created slice system-serial\x2dgetty.slice.
[[0;32m  OK  [0m] Started Forward Password Requests to Wall Directory Watch.
         Starting Journal Service...
[[0;32m  OK  [0m] Created slice User and Session Slice.
[[0;32m  OK  [0m] Reached target Slices.
[[0;32m  OK  [0m] Listening on udev Kernel Socket.
         Starting udev Coldplug all Devices...
[[0;32m  OK  [0m] Started File System Check Daemon to report status.
[[0;32m  OK  [0m] Mounted POSIX Message Queue File System.
[[0;32m  OK  [0m] Mounted Huge Pages File System.
[[0;32m  OK  [0m] Mounted Kernel Debug File System.
[    5.155548] Loading iSCSI transport class v2.0-870.
[[0;32m  OK  [0m] Started LVM2 metadata daemon.
[[0;32m  OK  [0m] Started Uncomplicated firewall.
[[0;32m  OK  [0m] Started Create list of required sta…vice nodes for the current kernel.
         Starting Create Static Device Nodes in /dev...
[    5.282285] iscsi: registered transport (tcp)
[[0;32m  OK  [0m] Started udev Coldplug all Devices.
[[0;32m  OK  [0m] Started Journal Service.
[    5.309636] iscsi: registered transport (iser)
[[0;32m  OK  [0m] Started Load Kernel Modules.
         Starting Apply Kernel Variables...
         Mounting FUSE Control File System...
         Mounting Kernel Configuration File System...
[[0;32m  OK  [0m] Mounted FUSE Control File System.
[[0;32m  OK  [0m] Mounted Kernel Configuration File System.
[[0;32m  OK  [0m] Started Create Static Device Nodes in /dev.
[[0;32m  OK  [0m] Started File System Check on Root Device.
         Starting Remount Root and Kernel File Systems...
[[0;32m  OK  [0m] Started Monitoring of LVM2 mirrors,…sing dmeventd or progress polling.
[[0;32m  OK  [0m] Started Apply Kernel Variables.
[[0;32m  OK  [0m] Started Remount Root and Kernel File Systems.
         Starting Load/Save Random Seed...
         Starting udev Kernel Device Manager...
         Starting Flush Journal to Persistent Storage...
[[0;32m  OK  [0m] Started Load/Save Random Seed.
[[0;32m  OK  [0m] Started Set the console keyboard layout.
[[0;32m  OK  [0m] Reached target Local File Systems (Pre).
[[0;32m  OK  [0m] Reached target Local File Systems.
         Starting Set console font and keymap...
         Starting ebtables ruleset management...
         Starting AppArmor initialization...
         Starting Tell Plymouth To Write Out Runtime Data...
         Starting Commit a transient machine-id on disk...
[[0;32m  OK  [0m] Started udev Kernel Device Manager.
[[0;32m  OK  [0m] Started Dispatch Password Requests to Console Directory Watch.
[[0;32m  OK  [0m] Reached target Local Encrypted Volumes.
[[0;32m  OK  [0m] Started Set console font and keymap.
[[0;32m  OK  [0m] Started Flush Journal to Persistent Storage.
         Starting Create Volatile Files and Directories...
[[0;32m  OK  [0m] Started Tell Plymouth To Write Out Runtime Data.
[[0;32m  OK  [0m] Started Create Volatile Files and Directories.
         Starting Update UTMP about System Boot/Shutdown...
[[0;32m  OK  [0m] Started Update UTMP about System Boot/Shutdown.
[[0;32m  OK  [0m] Started ebtables ruleset management.
[[0;32m  OK  [0m] Started Commit a transient machine-id on disk.
[[0;32m  OK  [0m] Found device /dev/ttyS0.
[[0;32m  OK  [0m] Listening on Load/Save RF Kill Switch Status /dev/rfkill Watch.
[[0;32m  OK  [0m] Started AppArmor initialization.
         Starting Load AppArmor profiles managed internally by snapd...
         Starting Initial cloud-init job (pre-networking)...
[[0;32m  OK  [0m] Started Load AppArmor profiles managed internally by snapd.
[    7.926217] cloud-init[579]: Cloud-init v. 21.2-3-g899bfaa9-0ubuntu2~18.04.1 running 'init-local' at Sat, 25 Sep 2021 13:31:52 +0000. Up 7.57 seconds.
[[0;32m  OK  [0m] Started Initial cloud-init job (pre-networking).
[[0;32m  OK  [0m] Reached target Network (Pre).
         Starting Network Service...
[[0;32m  OK  [0m] Started Network Service.
         Starting Wait for Network to be Configured...
         Starting Network Name Resolution...
[[0;32m  OK  [0m] Started Network Name Resolution.
[[0;32m  OK  [0m] Reached target Network.
[[0;32m  OK  [0m] Reached target Host and Network Name Lookups.
[[0;32m  OK  [0m] Started Wait for Network to be Configured.
         Starting Initial cloud-init job (metadata service crawler)...
[   10.213083] cloud-init[687]: Cloud-init v. 21.2-3-g899bfaa9-0ubuntu2~18.04.1 running 'init' at Sat, 25 Sep 2021 13:31:54 +0000. Up 10.05 seconds.
[   10.214990] cloud-init[687]: ci-info: ++++++++++++++++++++++++++++++++++++++Net device info+++++++++++++++++++++++++++++++++++++++
[   10.216593] cloud-init[687]: ci-info: +--------+-------+----------------------------+---------------+--------+-------------------+
[   10.218281] cloud-init[687]: ci-info: | Device |   Up  |          Address           |      Mask     | Scope  |     Hw-Address    |
[   10.220008] cloud-init[687]: ci-info: +--------+-------+----------------------------+---------------+--------+-------------------+
[   10.221729] cloud-init[687]: ci-info: | enp0s3 |  True |         10.0.2.15          | 255.255.255.0 | global | 02:76:f9:31:a6:25 |
[   10.223315] cloud-init[687]: ci-info: | enp0s3 |  True | fe80::76:f9ff:fe31:a625/64 |       .       |  link  | 02:76:f9:31:a6:25 |
[   10.225058] cloud-init[687]: ci-info: | enp0s8 | False |             .              |       .       |   .    | 08:00:27:8f:1e:bd |
[   10.227072] cloud-init[687]: ci-info: |   lo   |  True |         127.0.0.1          |   255.0.0.0   |  host  |         .         |
[   10.228693] cloud-init[687]: ci-info: |   lo   |  True |          ::1/128           |       .       |  host  |         .         |
[   10.230275] cloud-init[687]: ci-info: +--------+-------+----------------------------+---------------+--------+-------------------+
[   10.232105] cloud-init[687]: ci-info: ++++++++++++++++++++++++++++Route IPv4 info+++++++++++++++++++++++++++++
[   10.233504] cloud-init[687]: ci-info: +-------+-------------+----------+-----------------+-----------+-------+
[   10.234980] cloud-init[687]: ci-info: | Route | Destination | Gateway  |     Genmask     | Interface | Flags |
[   10.236460] cloud-init[687]: ci-info: +-------+-------------+----------+-----------------+-----------+-------+
[   10.237962] cloud-init[687]: ci-info: |   0   |   0.0.0.0   | 10.0.2.2 |     0.0.0.0     |   enp0s3  |   UG  |
[   10.239412] cloud-init[687]: ci-info: |   1   |   10.0.2.0  | 0.0.0.0  |  255.255.255.0  |   enp0s3  |   U   |
[   10.240838] cloud-init[687]: ci-info: |   2   |   10.0.2.2  | 0.0.0.0  | 255.255.255.255 |   enp0s3  |   UH  |
[   10.242240] cloud-init[687]: ci-info: +-------+-------------+----------+-----------------+-----------+-------+
[   10.243535] cloud-init[687]: ci-info: +++++++++++++++++++Route IPv6 info+++++++++++++++++++
[   10.244723] cloud-init[687]: ci-info: +-------+-------------+---------+-----------+-------+
[   10.246004] cloud-init[687]: ci-info: | Route | Destination | Gateway | Interface | Flags |
[   10.247163] cloud-init[687]: ci-info: +-------+-------------+---------+-----------+-------+
[   10.248355] cloud-init[687]: ci-info: |   1   |  fe80::/64  |    ::   |   enp0s3  |   U   |
[   10.249543] cloud-init[687]: ci-info: |   3   |    local    |    ::   |   enp0s3  |   U   |
[   10.250874] cloud-init[687]: ci-info: |   4   |   ff00::/8  |    ::   |   enp0s3  |   U   |
[   10.252167] cloud-init[687]: ci-info: +-------+-------------+---------+-----------+-------+
[   12.289594] cloud-init[687]: Generating public/private rsa key pair.
[   12.294124] cloud-init[687]: Your identification has been saved in /etc/ssh/ssh_host_rsa_key.
[   12.295156] cloud-init[687]: Your public key has been saved in /etc/ssh/ssh_host_rsa_key.pub.
[   12.296201] cloud-init[687]: The key fingerprint is:
[   12.296820] cloud-init[687]: SHA256:bJx0DnSYVXUueyjvd6+6UscpuXOZqPoiM5YsoJMghAI root@ubuntu-bionic
[   12.297834] cloud-init[687]: The key's randomart image is:
[   12.320195] cloud-init[687]: +---[RSA 2048]----+
[   12.320853] cloud-init[687]: |        .+o.... .|
[   12.321429] cloud-init[687]: |E      .o.     o |
[   12.322111] cloud-init[687]: |o       o .   . .|
[   12.322715] cloud-init[687]: |o.     + =     + |
[   12.323325] cloud-init[687]: |o       S . .oo..|
[   12.323960] cloud-init[687]: |o .    .    +o+. |
[   12.324611] cloud-init[687]: |oo . . .   . =.o |
[   12.325192] cloud-init[687]: |+   . B . . +.+ o|
[   12.325840] cloud-init[687]: | .   o +.+ooo=oo+|
[   12.326441] cloud-init[687]: +----[SHA256]-----+
[   12.328580] cloud-init[687]: Generating public/private dsa key pair.
[   12.330093] cloud-init[687]: Your identification has been saved in /etc/ssh/ssh_host_dsa_key.
[   12.331338] cloud-init[687]: Your public key has been saved in /etc/ssh/ssh_host_dsa_key.pub.
[   12.332658] cloud-init[687]: The key fingerprint is:
[   12.333471] cloud-init[687]: SHA256:twlsIOzTIo16qEe71irMXSY/9jOgDiyfIbFbGM/WCU4 root@ubuntu-bionic
[   12.335013] cloud-init[687]: The key's randomart image is:
[   12.335942] cloud-init[687]: +---[DSA 1024]----+
[   12.336743] cloud-init[687]: |                 |
[   12.337478] cloud-init[687]: |   .             |
[   12.338251] cloud-init[687]: |    o .          |
[   12.338993] cloud-init[687]: |   + o o         |
[   12.339764] cloud-init[687]: |o E = . S .      |
[   12.340559] cloud-init[687]: |.%.= B . o o     |
[   12.341341] cloud-init[687]: |X+XoO .   o      |
[   12.342114] cloud-init[687]: |+X==.+ o         |
[   12.344924] cloud-init[687]: |o+*+. o.o        |
[   12.346022] cloud-init[687]: +----[SHA256]-----+
[   12.349142] cloud-init[687]: Generating public/private ecdsa key pair.
[   12.350117] cloud-init[687]: Your identification has been saved in /etc/ssh/ssh_host_ecdsa_key.
[   12.351361] cloud-init[687]: Your public key has been saved in /etc/ssh/ssh_host_ecdsa_key.pub.
[   12.352583] cloud-init[687]: The key fingerprint is:
[   12.353341] cloud-init[687]: SHA256:0Xzu/V9BeDKjx9heBaJtRbOOBl3n1Zlw2ty5GJ1AZ8M root@ubuntu-bionic
[   12.354603] cloud-init[687]: The key's randomart image is:
[   12.355417] cloud-init[687]: +---[ECDSA 256]---+
[   12.356175] cloud-init[687]: |            o=O=*|
[   12.356858] cloud-init[687]: |         o + +@EB|
[   12.357542] cloud-init[687]: |        . = =B.O+|
[   12.358231] cloud-init[687]: |         . ==oO o|
[   12.362128] cloud-init[687]: |        S  o+=.+ |
[   12.362877] cloud-init[687]: |           oo.. .|
[   12.363667] cloud-init[687]: |            ... .|
[   12.364443] cloud-init[687]: |               ..|
[   12.365159] cloud-init[687]: |                +|
[   12.366036] cloud-init[687]: +----[SHA256]-----+
[   12.366767] cloud-init[687]: Generating public/private ed25519 key pair.
[   12.367755] cloud-init[687]: Your identification has been saved in /etc/ssh/ssh_host_ed25519_key.
[   12.369000] cloud-init[687]: Your public key has been saved in /etc/ssh/ssh_host_ed25519_key.pub.
[   12.370482] cloud-init[687]: The key fingerprint is:
[   12.371318] cloud-init[687]: SHA256:zo9FOXEXskG8b9Zi/f1YydxWiZjbOZSMbyRuUHxjaJ0 root@ubuntu-bionic
[   12.375328] cloud-init[687]: The key's randomart image is:
[   12.378097] cloud-init[687]: +--[ED25519 256]--+
[   12.380866] cloud-init[687]: |           o+ .  |
[   12.381655] cloud-init[687]: |          . ++.. |
[   12.386555] cloud-init[687]: |          .=oE.  |
[   12.387345] cloud-init[687]: |          o+O.+ .|
[   12.388161] cloud-init[687]: |        S.+= B +.|
[   12.388752] cloud-init[687]: |       o .o.B X *|
[   12.389513] cloud-init[687]: |        o .+ X =*|
[   12.390352] cloud-init[687]: |         +. . .+o|
[   12.391155] cloud-init[687]: |        . .   . o|
[   12.391894] cloud-init[687]: +----[SHA256]-----+
[[0;32m  OK  [0m] Started Initial cloud-init job (metadata service crawler).
[[0;32m  OK  [0m] Reached target System Initialization.
[[0;32m  OK  [0m] Listening on ACPID Listen Socket.
[[0;32m  OK  [0m] Started Message of the Day.
[[0;32m  OK  [0m] Listening on D-Bus System Message Bus Socket.
[[0;32m  OK  [0m] Listening on Open-iSCSI iscsid Socket.
[[0;32m  OK  [0m] Started Daily apt download activities.
         Starting Socket activation for snappy daemon.
[[0;32m  OK  [0m] Started Discard unused blocks once a week.
[[0;32m  OK  [0m] Listening on UUID daemon activation socket.
         Starting LXD - unix socket.
[[0;32m  OK  [0m] Started Daily apt upgrade and clean activities.
[[0;32m  OK  [0m] Started ACPI Events Check.
[[0;32m  OK  [0m] Started Ubuntu Advantage update messaging.
[[0;32m  OK  [0m] Reached target Paths.
[[0;32m  OK  [0m] Started Daily Cleanup of Temporary Directories.
[[0;32m  OK  [0m] Reached target Timers.
[[0;32m  OK  [0m] Reached target Network is Online.
         Starting Availability of block devices...
[[0;32m  OK  [0m] Reached target Remote File Systems (Pre).
[[0;32m  OK  [0m] Reached target Remote File Systems.
[[0;32m  OK  [0m] Reached target Cloud-config availability.
[[0;32m  OK  [0m] Listening on Socket activation for snappy daemon.
[[0;32m  OK  [0m] Listening on LXD - unix socket.
[[0;32m  OK  [0m] Started Availability of block devices.
[[0;32m  OK  [0m] Reached target Sockets.
[[0;32m  OK  [0m] Reached target Basic System.
         Starting LSB: automatic crash report generation...
         Starting Virtualbox guest utils...
[[0;32m  OK  [0m] Started FUSE filesystem for LXC.
         Starting Accounts Service...
[[0;32m  OK  [0m] Started D-Bus System Message Bus.
         Starting LXD - container startup/shutdown...
         Starting System Logging Service...
         Starting Login Service...
[[0;32m  OK  [0m] Started Deferred execution scheduler.
[[0;32m  OK  [0m] Started irqbalance daemon.
[[0;32m  OK  [0m] Started Regular background program processing daemon.
         Starting Dispatcher daemon for systemd-networkd...
         Starting Pollinate to seed the pseudo random number generator...
         Starting LSB: Record successful boot for GRUB...
         Starting Permit User Sessions...
         Starting Snap Daemon...
[[0;32m  OK  [0m] Started System Logging Service.
[[0;32m  OK  [0m] Started Permit User Sessions.
[[0;32m  OK  [0m] Started Login Service.
[[0;32m  OK  [0m] Started Unattended Upgrades Shutdown.
         Starting Terminate Plymouth Boot Screen...
         Starting Hold until boot process finishes up...
         Starting Authorization Manager...
[[0;32m  OK  [0m] Started Hold until boot process finishes up.
         Starting Set console scheme...
[[0;32m  OK  [0m] Started Serial Getty on ttyS0.
[[0;32m  OK  [0m] Started Terminate Plymouth Boot Screen.
[[0;32m  OK  [0m] Started Set console scheme.
[[0;32m  OK  [0m] Created slice system-getty.slice.
[[0;32m  OK  [0m] Started Getty on tty1.
[[0;32m  OK  [0m] Reached target Login Prompts.
[[0;32m  OK  [0m] Started Authorization Manager.
[[0;32m  OK  [0m] Started Accounts Service.
[[0;32m  OK  [0m] Started LSB: automatic crash report generation.
[[0;32m  OK  [0m] Started LXD - container startup/shutdown.
[[0;32m  OK  [0m] Started LSB: Record successful boot for GRUB.
[[0;32m  OK  [0m] Started Virtualbox guest utils.
[[0;32m  OK  [0m] Started Dispatcher daemon for systemd-networkd.
[[0;32m  OK  [0m] Started Snap Daemon.
         Starting Wait until snapd is fully seeded...
[[0;32m  OK  [0m] Started Pollinate to seed the pseudo random number generator.
         Starting OpenBSD Secure Shell server...
[[0;32m  OK  [0m] Started OpenBSD Secure Shell server.
[[0;32m  OK  [0m] Created slice User Slice of vagrant.
         Starting User Manager for UID 1000...
[[0;32m  OK  [0m] Started Session 1 of user vagrant.
[[0;32m  OK  [0m] Started User Manager for UID 1000.
         Stopping User Manager for UID 1000...
[[0;32m  OK  [0m] Started Wait until snapd is fully seeded.
         Starting Apply the settings specified in cloud-config...
[[0;32m  OK  [0m] Reached target Multi-User System.
[[0;32m  OK  [0m] Reached target Graphical Interface.
         Starting Update UTMP about System Runlevel Changes...
[[0;32m  OK  [0m] Stopped User Manager for UID 1000.
[[0;32m  OK  [0m] Removed slice User Slice of vagrant.
[[0;32m  OK  [0m] Started Update UTMP about System Runlevel Changes.
[[0;32m  OK  [0m] Created slice User Slice of vagrant.
         Starting User Manager for UID 1000...
[[0;32m  OK  [0m] Started Session 3 of user vagrant.
[[0;32m  OK  [0m] Started User Manager for UID 1000.
[   18.218304] cloud-init[1419]: Cloud-init v. 21.2-3-g899bfaa9-0ubuntu2~18.04.1 running 'modules:config' at Sat, 25 Sep 2021 13:32:02 +0000. Up 17.79 seconds.

Ubuntu 18.04.6 LTS ubuntu-bionic ttyS0

ubuntu-bionic login: ci-info: no authorized SSH keys fingerprints found for user ubuntu.
<14>Sep 25 13:32:03 cloud-init: #############################################################
<14>Sep 25 13:32:03 cloud-init: -----BEGIN SSH HOST KEY FINGERPRINTS-----
<14>Sep 25 13:32:03 cloud-init: 1024 SHA256:twlsIOzTIo16qEe71irMXSY/9jOgDiyfIbFbGM/WCU4 root@ubuntu-bionic (DSA)
<14>Sep 25 13:32:03 cloud-init: 256 SHA256:0Xzu/V9BeDKjx9heBaJtRbOOBl3n1Zlw2ty5GJ1AZ8M root@ubuntu-bionic (ECDSA)
<14>Sep 25 13:32:03 cloud-init: 256 SHA256:zo9FOXEXskG8b9Zi/f1YydxWiZjbOZSMbyRuUHxjaJ0 root@ubuntu-bionic (ED25519)
<14>Sep 25 13:32:03 cloud-init: 2048 SHA256:bJx0DnSYVXUueyjvd6+6UscpuXOZqPoiM5YsoJMghAI root@ubuntu-bionic (RSA)
<14>Sep 25 13:32:03 cloud-init: -----END SSH HOST KEY FINGERPRINTS-----
<14>Sep 25 13:32:03 cloud-init: #############################################################
-----BEGIN SSH HOST KEY KEYS-----
ecdsa-sha2-nistp256 AAAAE2VjZHNhLXNoYTItbmlzdHAyNTYAAAAIbmlzdHAyNTYAAABBBMD0m+qcdfYwxVKD+lmvOXr2MUX2n1AdEkvwvfgVbQc+FN+4AVrgqdGUSw1CTe5DPvt2oQgK+BmArbv5PcZuUj8= root@ubuntu-bionic
ssh-ed25519 AAAAC3NzaC1lZDI1NTE5AAAAIEUUnSYd05ltutRcafDRgmws0gFZ82b4BlUa/zupQjnO root@ubuntu-bionic
ssh-rsa AAAAB3NzaC1yc2EAAAADAQABAAABAQC0RJmVjOAHQRnYo2nve9PNsJ5oJA3lzTZXmFtXz6Mr8Ipy569yXPF7rIb8QdPpZrN8Q/zQipT35SrmSXGIag2gbJxyd55n5zJzgG3OGTpIxNVoN1CWHJFt7jSQzJUzRgakPm34hqes5bn347ikoZ0ADnF9vMiu+/E8zP2b/y0bTG69YLT6m4zfESFSSuMhkesyl8JK9YhkFuCXxC970eq6DM1MyjaknJKKSX5pTSJ64dcbmfU8A5rRYcSLhX0D4qHBASw8o54lwMB5vA+9MPop860X+qFLlmsTm1FcQqUtyEgVjmmK3dmfhAirBI8mTSlCCfvpB0SKnneWhFFvMwwZ root@ubuntu-bionic
-----END SSH HOST KEY KEYS-----
[   18.976071] cloud-init[1556]: Cloud-init v. 21.2-3-g899bfaa9-0ubuntu2~18.04.1 running 'modules:final' at Sat, 25 Sep 2021 13:32:03 +0000. Up 18.69 seconds.
[   18.977884] cloud-init[1556]: ci-info: no authorized SSH keys fingerprints found for user ubuntu.
[   18.979366] cloud-init[1556]: Cloud-init v. 21.2-3-g899bfaa9-0ubuntu2~18.04.1 finished at Sat, 25 Sep 2021 13:32:03 +0000. Datasource DataSourceNoCloud [seed=/dev/sdb][dsmode=net].  Up 18.96 seconds
